<?xml version="1.0" encoding="UTF-8"?>
<testsuite xmlns:xsi="http://www.w3.org/2001/XMLSchema-instance" xsi:noNamespaceSchemaLocation="https://maven.apache.org/surefire/maven-surefire-plugin/xsd/surefire-test-report-3.0.xsd" version="3.0" name="TestSuite" time="8.381" tests="1" errors="0" skipped="0" failures="0">
  <properties>
[...]
</properties>
  <testcase name="TC_001" classname="Test.TestCustomer" time="0.002">
    <system-out><![CDATA[strres Generated{"success":1,"error":[],"data":{"access_token":"9ecd2f9d89961f9119b590be3edc8faea0f9abc3","expires_in":86400,"token_type":"Bearer"}}
]]></system-out>
  </testcase>
</testsuite>