<?xml version="1.0" encoding="UTF-8"?>
<testng-results skipped="0" failed="0" total="1" passed="1">
  <reporter-output>
  </reporter-output>
  <suite name="Suite" duration-ms="6097" started-at="2021-05-17T07:44:12Z" finished-at="2021-05-17T07:44:19Z">
    <groups>
    </groups>
    <test name="Test" duration-ms="6097" started-at="2021-05-17T07:44:12Z" finished-at="2021-05-17T07:44:19Z">
      <class name="Test.TestCustomer">
        <test-method status="PASS" signature="setup()[pri:0, instance:Test.TestCustomer@573f2bb1]" name="setup" is-config="true" duration-ms="6074" started-at="2021-05-17T13:14:12Z" finished-at="2021-05-17T13:14:18Z">
          <reporter-output>
          </reporter-output>
        </test-method> <!-- setup -->
        <test-method status="PASS" signature="TC_001()[pri:0, instance:Test.TestCustomer@573f2bb1]" name="TC_001" duration-ms="1" started-at="2021-05-17T13:14:19Z" finished-at="2021-05-17T13:14:19Z">
          <reporter-output>
          </reporter-output>
        </test-method> <!-- TC_001 -->
      </class> <!-- Test.TestCustomer -->
    </test> <!-- Test -->
  </suite> <!-- Suite -->
</testng-results>
